2025-04-29 22:37:08,406 [INFO] [hybrid_kex.py:128] [<module>] Using real post-quantum cryptography implementation: ML-KEM-1024 and FALCON-1024
2025-04-29 22:37:08,465 [INFO] [hybrid_kex.py:227] [_generate_keys] Generating new hybrid cryptographic key material for identity: alice
2025-04-29 22:37:08,473 [DEBUG] [hybrid_kex.py:235] [_generate_keys] Generated X25519 static key: jKqxzIlWBqA=... (32 bytes)
2025-04-29 22:37:08,474 [DEBUG] [hybrid_kex.py:243] [_generate_keys] Generated Ed25519 signing key: yLhY6Q2jok8=... (32 bytes)
2025-04-29 22:37:08,474 [DEBUG] [hybrid_kex.py:251] [_generate_keys] Generated X25519 signed prekey: mvYKr7bJJk8=... (32 bytes)
2025-04-29 22:37:08,477 [DEBUG] [hybrid_kex.py:255] [_generate_keys] Generated prekey signature: OM0t1ACcXlY=... (64 bytes)
2025-04-29 22:37:08,477 [DEBUG] [hybrid_kex.py:260] [_generate_keys] Verified prekey signature successfully
2025-04-29 22:37:08,478 [DEBUG] [hybrid_kex.py:266] [_generate_keys] Generating ML-KEM-1024 key pair
2025-04-29 22:37:08,509 [DEBUG] [hybrid_kex.py:270] [_generate_keys] Generating FALCON-1024 signature key pair
2025-04-29 22:37:08,540 [DEBUG] [hybrid_kex.py:83] [verify_key_material] Verified ML-KEM public key: length=1568, entropy=OK
2025-04-29 22:37:08,540 [DEBUG] [hybrid_kex.py:83] [verify_key_material] Verified ML-KEM private key: length=3168, entropy=OK
2025-04-29 22:37:08,540 [DEBUG] [hybrid_kex.py:83] [verify_key_material] Verified FALCON-1024 public key: length=1793, entropy=OK
2025-04-29 22:37:08,540 [DEBUG] [hybrid_kex.py:83] [verify_key_material] Verified FALCON-1024 private key: length=2305, entropy=OK
2025-04-29 22:37:08,541 [INFO] [hybrid_kex.py:279] [_generate_keys] Successfully generated complete hybrid key material for alice
2025-04-29 22:37:08,542 [INFO] [hybrid_kex.py:321] [_save_keys] Saved hybrid keys to c:\Users\shant\Desktop\New folder (7)\test\keys\alice_hybrid_keys.json
2025-04-29 22:37:08,542 [INFO] [hybrid_kex.py:227] [_generate_keys] Generating new hybrid cryptographic key material for identity: bob
2025-04-29 22:37:08,543 [DEBUG] [hybrid_kex.py:235] [_generate_keys] Generated X25519 static key: rQurpPH9m1s=... (32 bytes)
2025-04-29 22:37:08,543 [DEBUG] [hybrid_kex.py:243] [_generate_keys] Generated Ed25519 signing key: zbudhJspAYo=... (32 bytes)
2025-04-29 22:37:08,543 [DEBUG] [hybrid_kex.py:251] [_generate_keys] Generated X25519 signed prekey: Y+lJHSIbOzQ=... (32 bytes)
2025-04-29 22:37:08,543 [DEBUG] [hybrid_kex.py:255] [_generate_keys] Generated prekey signature: ynPBoUgMCCg=... (64 bytes)
2025-04-29 22:37:08,544 [DEBUG] [hybrid_kex.py:260] [_generate_keys] Verified prekey signature successfully
2025-04-29 22:37:08,544 [DEBUG] [hybrid_kex.py:266] [_generate_keys] Generating ML-KEM-1024 key pair
2025-04-29 22:37:08,547 [DEBUG] [hybrid_kex.py:270] [_generate_keys] Generating FALCON-1024 signature key pair
2025-04-29 22:37:08,569 [DEBUG] [hybrid_kex.py:83] [verify_key_material] Verified ML-KEM public key: length=1568, entropy=OK
2025-04-29 22:37:08,570 [DEBUG] [hybrid_kex.py:83] [verify_key_material] Verified ML-KEM private key: length=3168, entropy=OK
2025-04-29 22:37:08,570 [DEBUG] [hybrid_kex.py:83] [verify_key_material] Verified FALCON-1024 public key: length=1793, entropy=OK
2025-04-29 22:37:08,570 [DEBUG] [hybrid_kex.py:83] [verify_key_material] Verified FALCON-1024 private key: length=2305, entropy=OK
2025-04-29 22:37:08,570 [INFO] [hybrid_kex.py:279] [_generate_keys] Successfully generated complete hybrid key material for bob
2025-04-29 22:37:08,571 [INFO] [hybrid_kex.py:321] [_save_keys] Saved hybrid keys to c:\Users\shant\Desktop\New folder (7)\test\keys\bob_hybrid_keys.json
2025-04-29 22:37:08,575 [INFO] [hybrid_kex.py:435] [initiate_handshake] Initiating hybrid X3DH+PQ handshake with peer: bob
2025-04-29 22:37:08,576 [DEBUG] [hybrid_kex.py:390] [verify_public_bundle] Ed25519 prekey signature verified successfully
2025-04-29 22:37:08,577 [DEBUG] [hybrid_kex.py:412] [verify_public_bundle] FALCON-1024 bundle signature verified successfully
2025-04-29 22:37:08,578 [DEBUG] [hybrid_kex.py:446] [initiate_handshake] Generating ephemeral X25519 key for handshake
2025-04-29 22:37:08,579 [DEBUG] [hybrid_kex.py:452] [initiate_handshake] Generated ephemeral key: fIRQHBbeI2M=... (32 bytes)
2025-04-29 22:37:08,579 [DEBUG] [hybrid_kex.py:463] [initiate_handshake] Performing multiple Diffie-Hellman exchanges
2025-04-29 22:37:08,580 [DEBUG] [hybrid_kex.py:83] [verify_key_material] Verified DH1: Static-Static exchange: length=32, entropy=OK
2025-04-29 22:37:08,580 [DEBUG] [hybrid_kex.py:468] [initiate_handshake] DH1 (Static-Static): f3Anc3RzFL4=... (32 bytes)
2025-04-29 22:37:08,580 [DEBUG] [hybrid_kex.py:83] [verify_key_material] Verified DH2: Ephemeral-Static exchange: length=32, entropy=OK
2025-04-29 22:37:08,581 [DEBUG] [hybrid_kex.py:473] [initiate_handshake] DH2 (Ephemeral-Static): OEkeZ+Rs664=... (32 bytes)
2025-04-29 22:37:08,581 [DEBUG] [hybrid_kex.py:83] [verify_key_material] Verified DH3: Static-SPK exchange: length=32, entropy=OK
2025-04-29 22:37:08,581 [DEBUG] [hybrid_kex.py:478] [initiate_handshake] DH3 (Static-SPK): QGd7PagV6ks=... (32 bytes)
2025-04-29 22:37:08,581 [DEBUG] [hybrid_kex.py:83] [verify_key_material] Verified DH4: Ephemeral-SPK exchange: length=32, entropy=OK
2025-04-29 22:37:08,582 [DEBUG] [hybrid_kex.py:483] [initiate_handshake] DH4 (Ephemeral-SPK): XIM7mjYvKfY=... (32 bytes)
2025-04-29 22:37:08,582 [DEBUG] [hybrid_kex.py:486] [initiate_handshake] Performing ML-KEM-1024 encapsulation
2025-04-29 22:37:08,582 [DEBUG] [hybrid_kex.py:83] [verify_key_material] Verified Peer ML-KEM public key: length=1568, entropy=OK
2025-04-29 22:37:08,584 [DEBUG] [hybrid_kex.py:83] [verify_key_material] Verified ML-KEM ciphertext: length=1568, entropy=OK
2025-04-29 22:37:08,585 [DEBUG] [hybrid_kex.py:83] [verify_key_material] Verified ML-KEM shared secret: length=32, entropy=OK
2025-04-29 22:37:08,585 [DEBUG] [hybrid_kex.py:493] [initiate_handshake] KEM encapsulation successful: ciphertext (1568 bytes), shared secret (32 bytes)
2025-04-29 22:37:08,585 [DEBUG] [hybrid_kex.py:496] [initiate_handshake] Combining all shared secrets with HKDF
2025-04-29 22:37:08,585 [DEBUG] [hybrid_kex.py:83] [verify_key_material] Verified Combined input key material: length=160, entropy=OK
2025-04-29 22:37:08,586 [DEBUG] [hybrid_kex.py:499] [initiate_handshake] Combined IKM length: 160 bytes
2025-04-29 22:37:08,586 [DEBUG] [hybrid_kex.py:83] [verify_key_material] Verified Derived root key: length=32, entropy=OK
2025-04-29 22:37:08,587 [DEBUG] [hybrid_kex.py:509] [initiate_handshake] Derived root key: SjuiGQO60Z8=... (32 bytes)
2025-04-29 22:37:08,590 [INFO] [hybrid_kex.py:529] [initiate_handshake] Hybrid X3DH+PQ handshake initiated successfully with bob
2025-04-29 22:37:08,593 [INFO] [hybrid_kex.py:543] [respond_to_handshake] Processing incoming handshake from: alice
2025-04-29 22:37:08,596 [DEBUG] [hybrid_kex.py:562] [respond_to_handshake] FALCON-1024 handshake message signature verified successfully
2025-04-29 22:37:08,596 [DEBUG] [hybrid_kex.py:571] [respond_to_handshake] Extracting peer public keys from handshake message
2025-04-29 22:37:08,597 [DEBUG] [hybrid_kex.py:580] [respond_to_handshake] Performing multiple Diffie-Hellman exchanges
2025-04-29 22:37:08,597 [DEBUG] [hybrid_kex.py:83] [verify_key_material] Verified DH1: Static-Static exchange: length=32, entropy=OK
2025-04-29 22:37:08,597 [DEBUG] [hybrid_kex.py:585] [respond_to_handshake] DH1 (Static-Static): f3Anc3RzFL4=... (32 bytes)
2025-04-29 22:37:08,598 [DEBUG] [hybrid_kex.py:83] [verify_key_material] Verified DH2: Static-Ephemeral exchange: length=32, entropy=OK
2025-04-29 22:37:08,598 [DEBUG] [hybrid_kex.py:590] [respond_to_handshake] DH2 (Static-Ephemeral): OEkeZ+Rs664=... (32 bytes)
2025-04-29 22:37:08,598 [DEBUG] [hybrid_kex.py:83] [verify_key_material] Verified DH3: SPK-Static exchange: length=32, entropy=OK
2025-04-29 22:37:08,598 [DEBUG] [hybrid_kex.py:595] [respond_to_handshake] DH3 (SPK-Static): QGd7PagV6ks=... (32 bytes)
2025-04-29 22:37:08,599 [DEBUG] [hybrid_kex.py:83] [verify_key_material] Verified DH4: SPK-Ephemeral exchange: length=32, entropy=OK
2025-04-29 22:37:08,599 [DEBUG] [hybrid_kex.py:600] [respond_to_handshake] DH4 (SPK-Ephemeral): XIM7mjYvKfY=... (32 bytes)
2025-04-29 22:37:08,599 [DEBUG] [hybrid_kex.py:603] [respond_to_handshake] Performing ML-KEM-1024 decapsulation
2025-04-29 22:37:08,599 [DEBUG] [hybrid_kex.py:83] [verify_key_material] Verified ML-KEM ciphertext: length=1568, entropy=OK
2025-04-29 22:37:08,601 [DEBUG] [hybrid_kex.py:83] [verify_key_material] Verified ML-KEM shared secret: length=32, entropy=OK
2025-04-29 22:37:08,601 [DEBUG] [hybrid_kex.py:609] [respond_to_handshake] KEM decapsulation successful: shared secret (32 bytes)
2025-04-29 22:37:08,601 [DEBUG] [hybrid_kex.py:612] [respond_to_handshake] Combining all shared secrets with HKDF
2025-04-29 22:37:08,601 [DEBUG] [hybrid_kex.py:83] [verify_key_material] Verified Combined input key material: length=160, entropy=OK
2025-04-29 22:37:08,602 [DEBUG] [hybrid_kex.py:615] [respond_to_handshake] Combined IKM length: 160 bytes
2025-04-29 22:37:08,602 [DEBUG] [hybrid_kex.py:83] [verify_key_material] Verified Derived root key: length=32, entropy=OK
2025-04-29 22:37:08,603 [DEBUG] [hybrid_kex.py:625] [respond_to_handshake] Derived root key: SjuiGQO60Z8=... (32 bytes)
2025-04-29 22:37:08,603 [INFO] [hybrid_kex.py:627] [respond_to_handshake] Hybrid X3DH+PQ handshake completed successfully with alice
2025-04-29 22:37:28,166 [INFO] [hybrid_kex.py:128] [<module>] Using real post-quantum cryptography implementation: ML-KEM-1024 and FALCON-1024
2025-04-29 23:09:49,048 [INFO] [hybrid_kex.py:127] [<module>] Using real post-quantum cryptography implementation: ML-KEM-1024 and FALCON-1024
2025-04-29 23:09:51,136 [INFO] [hybrid_kex.py:226] [_generate_keys] Generating new hybrid cryptographic key material for identity: user_114385520
2025-04-29 23:09:51,150 [DEBUG] [hybrid_kex.py:234] [_generate_keys] Generated X25519 static key: apd0gisYM7s=... (32 bytes)
2025-04-29 23:09:51,150 [DEBUG] [hybrid_kex.py:242] [_generate_keys] Generated Ed25519 signing key: KVE00RXOWV0=... (32 bytes)
2025-04-29 23:09:51,151 [DEBUG] [hybrid_kex.py:250] [_generate_keys] Generated X25519 signed prekey: +yvKnOUkiCY=... (32 bytes)
2025-04-29 23:09:51,151 [DEBUG] [hybrid_kex.py:254] [_generate_keys] Generated prekey signature: N3EskHitGpU=... (64 bytes)
2025-04-29 23:09:51,152 [DEBUG] [hybrid_kex.py:259] [_generate_keys] Verified prekey signature successfully
2025-04-29 23:09:51,152 [DEBUG] [hybrid_kex.py:265] [_generate_keys] Generating ML-KEM-1024 key pair
2025-04-29 23:09:51,271 [DEBUG] [hybrid_kex.py:269] [_generate_keys] Generating FALCON-1024 signature key pair
2025-04-29 23:09:51,316 [DEBUG] [hybrid_kex.py:82] [verify_key_material] Verified ML-KEM public key: length=1568, entropy=OK
2025-04-29 23:09:51,317 [DEBUG] [hybrid_kex.py:82] [verify_key_material] Verified ML-KEM private key: length=3168, entropy=OK
2025-04-29 23:09:51,317 [DEBUG] [hybrid_kex.py:82] [verify_key_material] Verified FALCON-1024 public key: length=1793, entropy=OK
2025-04-29 23:09:51,317 [DEBUG] [hybrid_kex.py:82] [verify_key_material] Verified FALCON-1024 private key: length=2305, entropy=OK
2025-04-29 23:09:51,317 [INFO] [hybrid_kex.py:278] [_generate_keys] Successfully generated complete hybrid key material for user_114385520
2025-04-29 23:09:51,319 [INFO] [hybrid_kex.py:320] [_save_keys] Saved hybrid keys to c:\Users\shant\Desktop\New folder (7)\test\keys\user_114385520_hybrid_keys.json
2025-04-29 23:10:08,909 [INFO] [hybrid_kex.py:127] [<module>] Using real post-quantum cryptography implementation: ML-KEM-1024 and FALCON-1024
2025-04-29 23:10:08,971 [INFO] [hybrid_kex.py:213] [_load_or_generate_keys] Loaded existing hybrid key material for alice
2025-04-29 23:10:08,972 [INFO] [hybrid_kex.py:213] [_load_or_generate_keys] Loaded existing hybrid key material for bob
2025-04-29 23:10:09,008 [INFO] [hybrid_kex.py:434] [initiate_handshake] Initiating hybrid X3DH+PQ handshake with peer: bob
2025-04-29 23:10:09,009 [DEBUG] [hybrid_kex.py:389] [verify_public_bundle] Ed25519 prekey signature verified successfully
2025-04-29 23:10:09,010 [DEBUG] [hybrid_kex.py:411] [verify_public_bundle] FALCON-1024 bundle signature verified successfully
2025-04-29 23:10:09,011 [DEBUG] [hybrid_kex.py:445] [initiate_handshake] Generating ephemeral X25519 key for handshake
2025-04-29 23:10:09,013 [DEBUG] [hybrid_kex.py:451] [initiate_handshake] Generated ephemeral key: MpFjp/mU4EQ=... (32 bytes)
2025-04-29 23:10:09,013 [DEBUG] [hybrid_kex.py:462] [initiate_handshake] Performing multiple Diffie-Hellman exchanges
2025-04-29 23:10:09,014 [DEBUG] [hybrid_kex.py:82] [verify_key_material] Verified DH1: Static-Static exchange: length=32, entropy=OK
2025-04-29 23:10:09,014 [DEBUG] [hybrid_kex.py:467] [initiate_handshake] DH1 (Static-Static): f3Anc3RzFL4=... (32 bytes)
2025-04-29 23:10:09,014 [DEBUG] [hybrid_kex.py:82] [verify_key_material] Verified DH2: Ephemeral-Static exchange: length=32, entropy=OK
2025-04-29 23:10:09,015 [DEBUG] [hybrid_kex.py:472] [initiate_handshake] DH2 (Ephemeral-Static): OJWVdk7SSa8=... (32 bytes)
2025-04-29 23:10:09,015 [DEBUG] [hybrid_kex.py:82] [verify_key_material] Verified DH3: Static-SPK exchange: length=32, entropy=OK
2025-04-29 23:10:09,015 [DEBUG] [hybrid_kex.py:477] [initiate_handshake] DH3 (Static-SPK): QGd7PagV6ks=... (32 bytes)
2025-04-29 23:10:09,016 [DEBUG] [hybrid_kex.py:82] [verify_key_material] Verified DH4: Ephemeral-SPK exchange: length=32, entropy=OK
2025-04-29 23:10:09,016 [DEBUG] [hybrid_kex.py:482] [initiate_handshake] DH4 (Ephemeral-SPK): WgdJdZ21gN8=... (32 bytes)
2025-04-29 23:10:09,016 [DEBUG] [hybrid_kex.py:485] [initiate_handshake] Performing ML-KEM-1024 encapsulation
2025-04-29 23:10:09,017 [DEBUG] [hybrid_kex.py:82] [verify_key_material] Verified Peer ML-KEM public key: length=1568, entropy=OK
2025-04-29 23:10:09,019 [DEBUG] [hybrid_kex.py:82] [verify_key_material] Verified ML-KEM ciphertext: length=1568, entropy=OK
2025-04-29 23:10:09,020 [DEBUG] [hybrid_kex.py:82] [verify_key_material] Verified ML-KEM shared secret: length=32, entropy=OK
2025-04-29 23:10:09,020 [DEBUG] [hybrid_kex.py:492] [initiate_handshake] KEM encapsulation successful: ciphertext (1568 bytes), shared secret (32 bytes)
2025-04-29 23:10:09,020 [DEBUG] [hybrid_kex.py:495] [initiate_handshake] Combining all shared secrets with HKDF
2025-04-29 23:10:09,020 [DEBUG] [hybrid_kex.py:82] [verify_key_material] Verified Combined input key material: length=160, entropy=OK
2025-04-29 23:10:09,021 [DEBUG] [hybrid_kex.py:498] [initiate_handshake] Combined IKM length: 160 bytes
2025-04-29 23:10:09,021 [DEBUG] [hybrid_kex.py:82] [verify_key_material] Verified Derived root key: length=32, entropy=OK
2025-04-29 23:10:09,022 [DEBUG] [hybrid_kex.py:508] [initiate_handshake] Derived root key: q4NWQDhbHx8=... (32 bytes)
2025-04-29 23:10:09,026 [INFO] [hybrid_kex.py:528] [initiate_handshake] Hybrid X3DH+PQ handshake initiated successfully with bob
2025-04-29 23:10:09,031 [INFO] [hybrid_kex.py:542] [respond_to_handshake] Processing incoming handshake from: alice
2025-04-29 23:10:09,033 [DEBUG] [hybrid_kex.py:561] [respond_to_handshake] FALCON-1024 handshake message signature verified successfully
2025-04-29 23:10:09,033 [DEBUG] [hybrid_kex.py:570] [respond_to_handshake] Extracting peer public keys from handshake message
2025-04-29 23:10:09,033 [DEBUG] [hybrid_kex.py:579] [respond_to_handshake] Performing multiple Diffie-Hellman exchanges
2025-04-29 23:10:09,034 [DEBUG] [hybrid_kex.py:82] [verify_key_material] Verified DH1: Static-Static exchange: length=32, entropy=OK
2025-04-29 23:10:09,034 [DEBUG] [hybrid_kex.py:584] [respond_to_handshake] DH1 (Static-Static): f3Anc3RzFL4=... (32 bytes)
2025-04-29 23:10:09,034 [DEBUG] [hybrid_kex.py:82] [verify_key_material] Verified DH2: Static-Ephemeral exchange: length=32, entropy=OK
2025-04-29 23:10:09,035 [DEBUG] [hybrid_kex.py:589] [respond_to_handshake] DH2 (Static-Ephemeral): OJWVdk7SSa8=... (32 bytes)
2025-04-29 23:10:09,035 [DEBUG] [hybrid_kex.py:82] [verify_key_material] Verified DH3: SPK-Static exchange: length=32, entropy=OK
2025-04-29 23:10:09,035 [DEBUG] [hybrid_kex.py:594] [respond_to_handshake] DH3 (SPK-Static): QGd7PagV6ks=... (32 bytes)
2025-04-29 23:10:09,035 [DEBUG] [hybrid_kex.py:82] [verify_key_material] Verified DH4: SPK-Ephemeral exchange: length=32, entropy=OK
2025-04-29 23:10:09,036 [DEBUG] [hybrid_kex.py:599] [respond_to_handshake] DH4 (SPK-Ephemeral): WgdJdZ21gN8=... (32 bytes)
2025-04-29 23:10:09,036 [DEBUG] [hybrid_kex.py:602] [respond_to_handshake] Performing ML-KEM-1024 decapsulation
2025-04-29 23:10:09,036 [DEBUG] [hybrid_kex.py:82] [verify_key_material] Verified ML-KEM ciphertext: length=1568, entropy=OK
2025-04-29 23:10:09,039 [DEBUG] [hybrid_kex.py:82] [verify_key_material] Verified ML-KEM shared secret: length=32, entropy=OK
2025-04-29 23:10:09,039 [DEBUG] [hybrid_kex.py:608] [respond_to_handshake] KEM decapsulation successful: shared secret (32 bytes)
2025-04-29 23:10:09,040 [DEBUG] [hybrid_kex.py:611] [respond_to_handshake] Combining all shared secrets with HKDF
2025-04-29 23:10:09,040 [DEBUG] [hybrid_kex.py:82] [verify_key_material] Verified Combined input key material: length=160, entropy=OK
2025-04-29 23:10:09,041 [DEBUG] [hybrid_kex.py:614] [respond_to_handshake] Combined IKM length: 160 bytes
2025-04-29 23:10:09,041 [DEBUG] [hybrid_kex.py:82] [verify_key_material] Verified Derived root key: length=32, entropy=OK
2025-04-29 23:10:09,042 [DEBUG] [hybrid_kex.py:624] [respond_to_handshake] Derived root key: q4NWQDhbHx8=... (32 bytes)
2025-04-29 23:10:09,042 [INFO] [hybrid_kex.py:626] [respond_to_handshake] Hybrid X3DH+PQ handshake completed successfully with alice
2025-04-29 23:10:24,390 [INFO] [hybrid_kex.py:127] [<module>] Using real post-quantum cryptography implementation: ML-KEM-1024 and FALCON-1024
2025-04-29 23:10:26,218 [INFO] [hybrid_kex.py:226] [_generate_keys] Generating new hybrid cryptographic key material for identity: user_113562288
2025-04-29 23:10:26,226 [DEBUG] [hybrid_kex.py:234] [_generate_keys] Generated X25519 static key: m+RpiRBKXSU=... (32 bytes)
2025-04-29 23:10:26,226 [DEBUG] [hybrid_kex.py:242] [_generate_keys] Generated Ed25519 signing key: GVIkf/2ukl4=... (32 bytes)
2025-04-29 23:10:26,227 [DEBUG] [hybrid_kex.py:250] [_generate_keys] Generated X25519 signed prekey: JbzJqZXrW1o=... (32 bytes)
2025-04-29 23:10:26,227 [DEBUG] [hybrid_kex.py:254] [_generate_keys] Generated prekey signature: w9y/VE4doXE=... (64 bytes)
2025-04-29 23:10:26,228 [DEBUG] [hybrid_kex.py:259] [_generate_keys] Verified prekey signature successfully
2025-04-29 23:10:26,228 [DEBUG] [hybrid_kex.py:265] [_generate_keys] Generating ML-KEM-1024 key pair
2025-04-29 23:10:26,258 [DEBUG] [hybrid_kex.py:269] [_generate_keys] Generating FALCON-1024 signature key pair
2025-04-29 23:10:26,286 [DEBUG] [hybrid_kex.py:82] [verify_key_material] Verified ML-KEM public key: length=1568, entropy=OK
2025-04-29 23:10:26,287 [DEBUG] [hybrid_kex.py:82] [verify_key_material] Verified ML-KEM private key: length=3168, entropy=OK
2025-04-29 23:10:26,288 [DEBUG] [hybrid_kex.py:82] [verify_key_material] Verified FALCON-1024 public key: length=1793, entropy=OK
2025-04-29 23:10:26,288 [DEBUG] [hybrid_kex.py:82] [verify_key_material] Verified FALCON-1024 private key: length=2305, entropy=OK
2025-04-29 23:10:26,288 [INFO] [hybrid_kex.py:278] [_generate_keys] Successfully generated complete hybrid key material for user_113562288
2025-04-29 23:10:26,290 [INFO] [hybrid_kex.py:320] [_save_keys] Saved hybrid keys to c:\Users\shant\Desktop\New folder (7)\test\keys\user_113562288_hybrid_keys.json
2025-04-29 23:11:00,340 [INFO] [hybrid_kex.py:127] [<module>] Using real post-quantum cryptography implementation: ML-KEM-1024 and FALCON-1024
